CRITICAL - 2022-05-31 01:51:25 --> Invalid file: cv/form/contact-information.php
#0 /Users/anandabayu/Workspace/PHP/CI4 CV/system/View/View.php(198): CodeIgniter\Exceptions\FrameworkException::forInvalidFile('cv/form/contact...')
#1 /Users/anandabayu/Workspace/PHP/CI4 CV/system/View/View.php(424): CodeIgniter\View\View->render('cv/form/contact...', NULL, true)
#2 /Users/anandabayu/Workspace/PHP/CI4 CV/app/Views/cv/update.php(35): CodeIgniter\View\View->include('cv/form/contact...')
#3 /Users/anandabayu/Workspace/PHP/CI4 CV/system/View/View.php(210): include('/Users/anandaba...')
#4 /Users/anandabayu/Workspace/PHP/CI4 CV/system/View/View.php(213): CodeIgniter\View\View->CodeIgniter\View\{closure}()
#5 /Users/anandabayu/Workspace/PHP/CI4 CV/system/Common.php(1089): CodeIgniter\View\View->render('cv/update', Array, true)
#6 /Users/anandabayu/Workspace/PHP/CI4 CV/app/Controllers/Home.php(14): view('cv/update')
#7 /Users/anandabayu/Workspace/PHP/CI4 CV/system/CodeIgniter.php(832): App\Controllers\Home->update()
#8 /Users/anandabayu/Workspace/PHP/CI4 CV/system/CodeIgniter.php(419): CodeIgniter\CodeIgniter->runController(Object(App\Controllers\Home))
#9 /Users/anandabayu/Workspace/PHP/CI4 CV/system/CodeIgniter.php(326): CodeIgniter\CodeIgniter->handleRequest(NULL, Object(Config\Cache), false)
#10 /Users/anandabayu/Workspace/PHP/CI4 CV/public/index.php(37): CodeIgniter\CodeIgniter->run()
#11 /Users/anandabayu/Workspace/PHP/CI4 CV/system/Commands/Server/rewrite.php(43): require_once('/Users/anandaba...')
#12 {main}
CRITICAL - 2022-05-31 01:51:41 --> Invalid file: cv/form/contact-information.php
#0 /Users/anandabayu/Workspace/PHP/CI4 CV/system/View/View.php(198): CodeIgniter\Exceptions\FrameworkException::forInvalidFile('cv/form/contact...')
#1 /Users/anandabayu/Workspace/PHP/CI4 CV/system/View/View.php(424): CodeIgniter\View\View->render('cv/form/contact...', NULL, true)
#2 /Users/anandabayu/Workspace/PHP/CI4 CV/app/Views/cv/update.php(35): CodeIgniter\View\View->include('cv/form/contact...')
#3 /Users/anandabayu/Workspace/PHP/CI4 CV/system/View/View.php(210): include('/Users/anandaba...')
#4 /Users/anandabayu/Workspace/PHP/CI4 CV/system/View/View.php(213): CodeIgniter\View\View->CodeIgniter\View\{closure}()
#5 /Users/anandabayu/Workspace/PHP/CI4 CV/system/Common.php(1089): CodeIgniter\View\View->render('cv/update', Array, true)
#6 /Users/anandabayu/Workspace/PHP/CI4 CV/app/Controllers/Home.php(14): view('cv/update')
#7 /Users/anandabayu/Workspace/PHP/CI4 CV/system/CodeIgniter.php(832): App\Controllers\Home->update()
#8 /Users/anandabayu/Workspace/PHP/CI4 CV/system/CodeIgniter.php(419): CodeIgniter\CodeIgniter->runController(Object(App\Controllers\Home))
#9 /Users/anandabayu/Workspace/PHP/CI4 CV/system/CodeIgniter.php(326): CodeIgniter\CodeIgniter->handleRequest(NULL, Object(Config\Cache), false)
#10 /Users/anandabayu/Workspace/PHP/CI4 CV/public/index.php(37): CodeIgniter\CodeIgniter->run()
#11 /Users/anandabayu/Workspace/PHP/CI4 CV/system/Commands/Server/rewrite.php(43): require_once('/Users/anandaba...')
#12 {main}
ERROR - 2022-05-31 02:25:45 --> Table 'user_information' already exists
CRITICAL - 2022-05-31 02:43:50 --> Undefined variable $user
#0 /Users/anandabayu/Workspace/PHP/CI4 CV/app/Views/cv/form/user-information.php(20): CodeIgniter\Debug\Exceptions->errorHandler(2, 'Undefined varia...', '/Users/anandaba...', 20)
#1 /Users/anandabayu/Workspace/PHP/CI4 CV/system/View/View.php(210): include('/Users/anandaba...')
#2 /Users/anandabayu/Workspace/PHP/CI4 CV/system/View/View.php(213): CodeIgniter\View\View->CodeIgniter\View\{closure}()
#3 /Users/anandabayu/Workspace/PHP/CI4 CV/system/View/View.php(424): CodeIgniter\View\View->render('cv/form/user-in...', NULL, true)
#4 /Users/anandabayu/Workspace/PHP/CI4 CV/app/Views/cv/update.php(31): CodeIgniter\View\View->include('cv/form/user-in...')
#5 /Users/anandabayu/Workspace/PHP/CI4 CV/system/View/View.php(210): include('/Users/anandaba...')
#6 /Users/anandabayu/Workspace/PHP/CI4 CV/system/View/View.php(213): CodeIgniter\View\View->CodeIgniter\View\{closure}()
#7 /Users/anandabayu/Workspace/PHP/CI4 CV/system/Common.php(1089): CodeIgniter\View\View->render('cv/update', Array, true)
#8 /Users/anandabayu/Workspace/PHP/CI4 CV/app/Controllers/CvController.php(14): view('cv/update')
#9 /Users/anandabayu/Workspace/PHP/CI4 CV/system/CodeIgniter.php(832): App\Controllers\CvController->update()
#10 /Users/anandabayu/Workspace/PHP/CI4 CV/system/CodeIgniter.php(419): CodeIgniter\CodeIgniter->runController(Object(App\Controllers\CvController))
#11 /Users/anandabayu/Workspace/PHP/CI4 CV/system/CodeIgniter.php(326): CodeIgniter\CodeIgniter->handleRequest(NULL, Object(Config\Cache), false)
#12 /Users/anandabayu/Workspace/PHP/CI4 CV/public/index.php(37): CodeIgniter\CodeIgniter->run()
#13 /Users/anandabayu/Workspace/PHP/CI4 CV/system/Commands/Server/rewrite.php(43): require_once('/Users/anandaba...')
#14 {main}
CRITICAL - 2022-05-31 02:46:30 --> Trying to access array offset on value of type null
#0 /Users/anandabayu/Workspace/PHP/CI4 CV/app/Views/cv/form/user-information.php(20): CodeIgniter\Debug\Exceptions->errorHandler(2, 'Trying to acces...', '/Users/anandaba...', 20)
#1 /Users/anandabayu/Workspace/PHP/CI4 CV/system/View/View.php(210): include('/Users/anandaba...')
#2 /Users/anandabayu/Workspace/PHP/CI4 CV/system/View/View.php(213): CodeIgniter\View\View->CodeIgniter\View\{closure}()
#3 /Users/anandabayu/Workspace/PHP/CI4 CV/system/View/View.php(424): CodeIgniter\View\View->render('cv/form/user-in...', NULL, true)
#4 /Users/anandabayu/Workspace/PHP/CI4 CV/app/Views/cv/update.php(31): CodeIgniter\View\View->include('cv/form/user-in...')
#5 /Users/anandabayu/Workspace/PHP/CI4 CV/system/View/View.php(210): include('/Users/anandaba...')
#6 /Users/anandabayu/Workspace/PHP/CI4 CV/system/View/View.php(213): CodeIgniter\View\View->CodeIgniter\View\{closure}()
#7 /Users/anandabayu/Workspace/PHP/CI4 CV/system/Common.php(1089): CodeIgniter\View\View->render('cv/update', Array, true)
#8 /Users/anandabayu/Workspace/PHP/CI4 CV/app/Controllers/CvController.php(29): view('cv/update', Array)
#9 /Users/anandabayu/Workspace/PHP/CI4 CV/system/CodeIgniter.php(832): App\Controllers\CvController->update()
#10 /Users/anandabayu/Workspace/PHP/CI4 CV/system/CodeIgniter.php(419): CodeIgniter\CodeIgniter->runController(Object(App\Controllers\CvController))
#11 /Users/anandabayu/Workspace/PHP/CI4 CV/system/CodeIgniter.php(326): CodeIgniter\CodeIgniter->handleRequest(NULL, Object(Config\Cache), false)
#12 /Users/anandabayu/Workspace/PHP/CI4 CV/public/index.php(37): CodeIgniter\CodeIgniter->run()
#13 /Users/anandabayu/Workspace/PHP/CI4 CV/system/Commands/Server/rewrite.php(43): require_once('/Users/anandaba...')
#14 {main}
CRITICAL - 2022-05-31 02:46:47 --> Trying to access array offset on value of type null
#0 /Users/anandabayu/Workspace/PHP/CI4 CV/app/Views/cv/form/user-information.php(20): CodeIgniter\Debug\Exceptions->errorHandler(2, 'Trying to acces...', '/Users/anandaba...', 20)
#1 /Users/anandabayu/Workspace/PHP/CI4 CV/system/View/View.php(210): include('/Users/anandaba...')
#2 /Users/anandabayu/Workspace/PHP/CI4 CV/system/View/View.php(213): CodeIgniter\View\View->CodeIgniter\View\{closure}()
#3 /Users/anandabayu/Workspace/PHP/CI4 CV/system/View/View.php(424): CodeIgniter\View\View->render('cv/form/user-in...', NULL, true)
#4 /Users/anandabayu/Workspace/PHP/CI4 CV/app/Views/cv/update.php(31): CodeIgniter\View\View->include('cv/form/user-in...')
#5 /Users/anandabayu/Workspace/PHP/CI4 CV/system/View/View.php(210): include('/Users/anandaba...')
#6 /Users/anandabayu/Workspace/PHP/CI4 CV/system/View/View.php(213): CodeIgniter\View\View->CodeIgniter\View\{closure}()
#7 /Users/anandabayu/Workspace/PHP/CI4 CV/system/Common.php(1089): CodeIgniter\View\View->render('cv/update', Array, true)
#8 /Users/anandabayu/Workspace/PHP/CI4 CV/app/Controllers/CvController.php(29): view('cv/update', Array)
#9 /Users/anandabayu/Workspace/PHP/CI4 CV/system/CodeIgniter.php(832): App\Controllers\CvController->update()
#10 /Users/anandabayu/Workspace/PHP/CI4 CV/system/CodeIgniter.php(419): CodeIgniter\CodeIgniter->runController(Object(App\Controllers\CvController))
#11 /Users/anandabayu/Workspace/PHP/CI4 CV/system/CodeIgniter.php(326): CodeIgniter\CodeIgniter->handleRequest(NULL, Object(Config\Cache), false)
#12 /Users/anandabayu/Workspace/PHP/CI4 CV/public/index.php(37): CodeIgniter\CodeIgniter->run()
#13 /Users/anandabayu/Workspace/PHP/CI4 CV/system/Commands/Server/rewrite.php(43): require_once('/Users/anandaba...')
#14 {main}
CRITICAL - 2022-05-31 02:46:48 --> Trying to access array offset on value of type null
#0 /Users/anandabayu/Workspace/PHP/CI4 CV/app/Views/cv/form/user-information.php(20): CodeIgniter\Debug\Exceptions->errorHandler(2, 'Trying to acces...', '/Users/anandaba...', 20)
#1 /Users/anandabayu/Workspace/PHP/CI4 CV/system/View/View.php(210): include('/Users/anandaba...')
#2 /Users/anandabayu/Workspace/PHP/CI4 CV/system/View/View.php(213): CodeIgniter\View\View->CodeIgniter\View\{closure}()
#3 /Users/anandabayu/Workspace/PHP/CI4 CV/system/View/View.php(424): CodeIgniter\View\View->render('cv/form/user-in...', NULL, true)
#4 /Users/anandabayu/Workspace/PHP/CI4 CV/app/Views/cv/update.php(31): CodeIgniter\View\View->include('cv/form/user-in...')
#5 /Users/anandabayu/Workspace/PHP/CI4 CV/system/View/View.php(210): include('/Users/anandaba...')
#6 /Users/anandabayu/Workspace/PHP/CI4 CV/system/View/View.php(213): CodeIgniter\View\View->CodeIgniter\View\{closure}()
#7 /Users/anandabayu/Workspace/PHP/CI4 CV/system/Common.php(1089): CodeIgniter\View\View->render('cv/update', Array, true)
#8 /Users/anandabayu/Workspace/PHP/CI4 CV/app/Controllers/CvController.php(29): view('cv/update', Array)
#9 /Users/anandabayu/Workspace/PHP/CI4 CV/system/CodeIgniter.php(832): App\Controllers\CvController->update()
#10 /Users/anandabayu/Workspace/PHP/CI4 CV/system/CodeIgniter.php(419): CodeIgniter\CodeIgniter->runController(Object(App\Controllers\CvController))
#11 /Users/anandabayu/Workspace/PHP/CI4 CV/system/CodeIgniter.php(326): CodeIgniter\CodeIgniter->handleRequest(NULL, Object(Config\Cache), false)
#12 /Users/anandabayu/Workspace/PHP/CI4 CV/public/index.php(37): CodeIgniter\CodeIgniter->run()
#13 /Users/anandabayu/Workspace/PHP/CI4 CV/system/Commands/Server/rewrite.php(43): require_once('/Users/anandaba...')
#14 {main}
CRITICAL - 2022-05-31 02:46:49 --> Trying to access array offset on value of type null
#0 /Users/anandabayu/Workspace/PHP/CI4 CV/app/Views/cv/form/user-information.php(20): CodeIgniter\Debug\Exceptions->errorHandler(2, 'Trying to acces...', '/Users/anandaba...', 20)
#1 /Users/anandabayu/Workspace/PHP/CI4 CV/system/View/View.php(210): include('/Users/anandaba...')
#2 /Users/anandabayu/Workspace/PHP/CI4 CV/system/View/View.php(213): CodeIgniter\View\View->CodeIgniter\View\{closure}()
#3 /Users/anandabayu/Workspace/PHP/CI4 CV/system/View/View.php(424): CodeIgniter\View\View->render('cv/form/user-in...', NULL, true)
#4 /Users/anandabayu/Workspace/PHP/CI4 CV/app/Views/cv/update.php(31): CodeIgniter\View\View->include('cv/form/user-in...')
#5 /Users/anandabayu/Workspace/PHP/CI4 CV/system/View/View.php(210): include('/Users/anandaba...')
#6 /Users/anandabayu/Workspace/PHP/CI4 CV/system/View/View.php(213): CodeIgniter\View\View->CodeIgniter\View\{closure}()
#7 /Users/anandabayu/Workspace/PHP/CI4 CV/system/Common.php(1089): CodeIgniter\View\View->render('cv/update', Array, true)
#8 /Users/anandabayu/Workspace/PHP/CI4 CV/app/Controllers/CvController.php(29): view('cv/update', Array)
#9 /Users/anandabayu/Workspace/PHP/CI4 CV/system/CodeIgniter.php(832): App\Controllers\CvController->update()
#10 /Users/anandabayu/Workspace/PHP/CI4 CV/system/CodeIgniter.php(419): CodeIgniter\CodeIgniter->runController(Object(App\Controllers\CvController))
#11 /Users/anandabayu/Workspace/PHP/CI4 CV/system/CodeIgniter.php(326): CodeIgniter\CodeIgniter->handleRequest(NULL, Object(Config\Cache), false)
#12 /Users/anandabayu/Workspace/PHP/CI4 CV/public/index.php(37): CodeIgniter\CodeIgniter->run()
#13 /Users/anandabayu/Workspace/PHP/CI4 CV/system/Commands/Server/rewrite.php(43): require_once('/Users/anandaba...')
#14 {main}
CRITICAL - 2022-05-31 02:46:56 --> Trying to access array offset on value of type null
#0 /Users/anandabayu/Workspace/PHP/CI4 CV/app/Views/cv/form/user-information.php(20): CodeIgniter\Debug\Exceptions->errorHandler(2, 'Trying to acces...', '/Users/anandaba...', 20)
#1 /Users/anandabayu/Workspace/PHP/CI4 CV/system/View/View.php(210): include('/Users/anandaba...')
#2 /Users/anandabayu/Workspace/PHP/CI4 CV/system/View/View.php(213): CodeIgniter\View\View->CodeIgniter\View\{closure}()
#3 /Users/anandabayu/Workspace/PHP/CI4 CV/system/View/View.php(424): CodeIgniter\View\View->render('cv/form/user-in...', NULL, true)
#4 /Users/anandabayu/Workspace/PHP/CI4 CV/app/Views/cv/update.php(31): CodeIgniter\View\View->include('cv/form/user-in...')
#5 /Users/anandabayu/Workspace/PHP/CI4 CV/system/View/View.php(210): include('/Users/anandaba...')
#6 /Users/anandabayu/Workspace/PHP/CI4 CV/system/View/View.php(213): CodeIgniter\View\View->CodeIgniter\View\{closure}()
#7 /Users/anandabayu/Workspace/PHP/CI4 CV/system/Common.php(1089): CodeIgniter\View\View->render('cv/update', Array, true)
#8 /Users/anandabayu/Workspace/PHP/CI4 CV/app/Controllers/CvController.php(29): view('cv/update', Array)
#9 /Users/anandabayu/Workspace/PHP/CI4 CV/system/CodeIgniter.php(832): App\Controllers\CvController->update()
#10 /Users/anandabayu/Workspace/PHP/CI4 CV/system/CodeIgniter.php(419): CodeIgniter\CodeIgniter->runController(Object(App\Controllers\CvController))
#11 /Users/anandabayu/Workspace/PHP/CI4 CV/system/CodeIgniter.php(326): CodeIgniter\CodeIgniter->handleRequest(NULL, Object(Config\Cache), false)
#12 /Users/anandabayu/Workspace/PHP/CI4 CV/public/index.php(37): CodeIgniter\CodeIgniter->run()
#13 /Users/anandabayu/Workspace/PHP/CI4 CV/system/Commands/Server/rewrite.php(43): require_once('/Users/anandaba...')
#14 {main}
CRITICAL - 2022-05-31 02:47:40 --> Cannot use object of type App\Models\UserInformation as array
#0 /Users/anandabayu/Workspace/PHP/CI4 CV/system/View/View.php(210): include()
#1 /Users/anandabayu/Workspace/PHP/CI4 CV/system/View/View.php(213): CodeIgniter\View\View->CodeIgniter\View\{closure}()
#2 /Users/anandabayu/Workspace/PHP/CI4 CV/system/View/View.php(424): CodeIgniter\View\View->render('cv/form/user-in...', NULL, true)
#3 /Users/anandabayu/Workspace/PHP/CI4 CV/app/Views/cv/update.php(31): CodeIgniter\View\View->include('cv/form/user-in...')
#4 /Users/anandabayu/Workspace/PHP/CI4 CV/system/View/View.php(210): include('/Users/anandaba...')
#5 /Users/anandabayu/Workspace/PHP/CI4 CV/system/View/View.php(213): CodeIgniter\View\View->CodeIgniter\View\{closure}()
#6 /Users/anandabayu/Workspace/PHP/CI4 CV/system/Common.php(1089): CodeIgniter\View\View->render('cv/update', Array, true)
#7 /Users/anandabayu/Workspace/PHP/CI4 CV/app/Controllers/CvController.php(35): view('cv/update', Array)
#8 /Users/anandabayu/Workspace/PHP/CI4 CV/system/CodeIgniter.php(832): App\Controllers\CvController->update()
#9 /Users/anandabayu/Workspace/PHP/CI4 CV/system/CodeIgniter.php(419): CodeIgniter\CodeIgniter->runController(Object(App\Controllers\CvController))
#10 /Users/anandabayu/Workspace/PHP/CI4 CV/system/CodeIgniter.php(326): CodeIgniter\CodeIgniter->handleRequest(NULL, Object(Config\Cache), false)
#11 /Users/anandabayu/Workspace/PHP/CI4 CV/public/index.php(37): CodeIgniter\CodeIgniter->run()
#12 /Users/anandabayu/Workspace/PHP/CI4 CV/system/Commands/Server/rewrite.php(43): require_once('/Users/anandaba...')
#13 {main}
CRITICAL - 2022-05-31 02:47:43 --> Cannot use object of type App\Models\UserInformation as array
#0 /Users/anandabayu/Workspace/PHP/CI4 CV/system/View/View.php(210): include()
#1 /Users/anandabayu/Workspace/PHP/CI4 CV/system/View/View.php(213): CodeIgniter\View\View->CodeIgniter\View\{closure}()
#2 /Users/anandabayu/Workspace/PHP/CI4 CV/system/View/View.php(424): CodeIgniter\View\View->render('cv/form/user-in...', NULL, true)
#3 /Users/anandabayu/Workspace/PHP/CI4 CV/app/Views/cv/update.php(31): CodeIgniter\View\View->include('cv/form/user-in...')
#4 /Users/anandabayu/Workspace/PHP/CI4 CV/system/View/View.php(210): include('/Users/anandaba...')
#5 /Users/anandabayu/Workspace/PHP/CI4 CV/system/View/View.php(213): CodeIgniter\View\View->CodeIgniter\View\{closure}()
#6 /Users/anandabayu/Workspace/PHP/CI4 CV/system/Common.php(1089): CodeIgniter\View\View->render('cv/update', Array, true)
#7 /Users/anandabayu/Workspace/PHP/CI4 CV/app/Controllers/CvController.php(35): view('cv/update', Array)
#8 /Users/anandabayu/Workspace/PHP/CI4 CV/system/CodeIgniter.php(832): App\Controllers\CvController->update()
#9 /Users/anandabayu/Workspace/PHP/CI4 CV/system/CodeIgniter.php(419): CodeIgniter\CodeIgniter->runController(Object(App\Controllers\CvController))
#10 /Users/anandabayu/Workspace/PHP/CI4 CV/system/CodeIgniter.php(326): CodeIgniter\CodeIgniter->handleRequest(NULL, Object(Config\Cache), false)
#11 /Users/anandabayu/Workspace/PHP/CI4 CV/public/index.php(37): CodeIgniter\CodeIgniter->run()
#12 /Users/anandabayu/Workspace/PHP/CI4 CV/system/Commands/Server/rewrite.php(43): require_once('/Users/anandaba...')
#13 {main}
CRITICAL - 2022-05-31 02:47:44 --> Cannot use object of type App\Models\UserInformation as array
#0 /Users/anandabayu/Workspace/PHP/CI4 CV/system/View/View.php(210): include()
#1 /Users/anandabayu/Workspace/PHP/CI4 CV/system/View/View.php(213): CodeIgniter\View\View->CodeIgniter\View\{closure}()
#2 /Users/anandabayu/Workspace/PHP/CI4 CV/system/View/View.php(424): CodeIgniter\View\View->render('cv/form/user-in...', NULL, true)
#3 /Users/anandabayu/Workspace/PHP/CI4 CV/app/Views/cv/update.php(31): CodeIgniter\View\View->include('cv/form/user-in...')
#4 /Users/anandabayu/Workspace/PHP/CI4 CV/system/View/View.php(210): include('/Users/anandaba...')
#5 /Users/anandabayu/Workspace/PHP/CI4 CV/system/View/View.php(213): CodeIgniter\View\View->CodeIgniter\View\{closure}()
#6 /Users/anandabayu/Workspace/PHP/CI4 CV/system/Common.php(1089): CodeIgniter\View\View->render('cv/update', Array, true)
#7 /Users/anandabayu/Workspace/PHP/CI4 CV/app/Controllers/CvController.php(35): view('cv/update', Array)
#8 /Users/anandabayu/Workspace/PHP/CI4 CV/system/CodeIgniter.php(832): App\Controllers\CvController->update()
#9 /Users/anandabayu/Workspace/PHP/CI4 CV/system/CodeIgniter.php(419): CodeIgniter\CodeIgniter->runController(Object(App\Controllers\CvController))
#10 /Users/anandabayu/Workspace/PHP/CI4 CV/system/CodeIgniter.php(326): CodeIgniter\CodeIgniter->handleRequest(NULL, Object(Config\Cache), false)
#11 /Users/anandabayu/Workspace/PHP/CI4 CV/public/index.php(37): CodeIgniter\CodeIgniter->run()
#12 /Users/anandabayu/Workspace/PHP/CI4 CV/system/Commands/Server/rewrite.php(43): require_once('/Users/anandaba...')
#13 {main}
CRITICAL - 2022-05-31 02:49:13 --> Cannot use object of type App\Models\UserInformation as array
#0 /Users/anandabayu/Workspace/PHP/CI4 CV/system/View/View.php(210): include()
#1 /Users/anandabayu/Workspace/PHP/CI4 CV/system/View/View.php(213): CodeIgniter\View\View->CodeIgniter\View\{closure}()
#2 /Users/anandabayu/Workspace/PHP/CI4 CV/system/View/View.php(424): CodeIgniter\View\View->render('cv/form/user-in...', NULL, true)
#3 /Users/anandabayu/Workspace/PHP/CI4 CV/app/Views/cv/update.php(31): CodeIgniter\View\View->include('cv/form/user-in...')
#4 /Users/anandabayu/Workspace/PHP/CI4 CV/system/View/View.php(210): include('/Users/anandaba...')
#5 /Users/anandabayu/Workspace/PHP/CI4 CV/system/View/View.php(213): CodeIgniter\View\View->CodeIgniter\View\{closure}()
#6 /Users/anandabayu/Workspace/PHP/CI4 CV/system/Common.php(1089): CodeIgniter\View\View->render('cv/update', Array, true)
#7 /Users/anandabayu/Workspace/PHP/CI4 CV/app/Controllers/CvController.php(36): view('cv/update', Array)
#8 /Users/anandabayu/Workspace/PHP/CI4 CV/system/CodeIgniter.php(832): App\Controllers\CvController->update()
#9 /Users/anandabayu/Workspace/PHP/CI4 CV/system/CodeIgniter.php(419): CodeIgniter\CodeIgniter->runController(Object(App\Controllers\CvController))
#10 /Users/anandabayu/Workspace/PHP/CI4 CV/system/CodeIgniter.php(326): CodeIgniter\CodeIgniter->handleRequest(NULL, Object(Config\Cache), false)
#11 /Users/anandabayu/Workspace/PHP/CI4 CV/public/index.php(37): CodeIgniter\CodeIgniter->run()
#12 /Users/anandabayu/Workspace/PHP/CI4 CV/system/Commands/Server/rewrite.php(43): require_once('/Users/anandaba...')
#13 {main}
CRITICAL - 2022-05-31 02:51:57 --> Trying to access array offset on value of type null
#0 /Users/anandabayu/Workspace/PHP/CI4 CV/app/Views/cv/form/user-information.php(20): CodeIgniter\Debug\Exceptions->errorHandler(2, 'Trying to acces...', '/Users/anandaba...', 20)
#1 /Users/anandabayu/Workspace/PHP/CI4 CV/system/View/View.php(210): include('/Users/anandaba...')
#2 /Users/anandabayu/Workspace/PHP/CI4 CV/system/View/View.php(213): CodeIgniter\View\View->CodeIgniter\View\{closure}()
#3 /Users/anandabayu/Workspace/PHP/CI4 CV/system/View/View.php(424): CodeIgniter\View\View->render('cv/form/user-in...', NULL, true)
#4 /Users/anandabayu/Workspace/PHP/CI4 CV/app/Views/cv/update.php(31): CodeIgniter\View\View->include('cv/form/user-in...')
#5 /Users/anandabayu/Workspace/PHP/CI4 CV/system/View/View.php(210): include('/Users/anandaba...')
#6 /Users/anandabayu/Workspace/PHP/CI4 CV/system/View/View.php(213): CodeIgniter\View\View->CodeIgniter\View\{closure}()
#7 /Users/anandabayu/Workspace/PHP/CI4 CV/system/Common.php(1089): CodeIgniter\View\View->render('cv/update', Array, true)
#8 /Users/anandabayu/Workspace/PHP/CI4 CV/app/Controllers/CvController.php(29): view('cv/update', Array)
#9 /Users/anandabayu/Workspace/PHP/CI4 CV/system/CodeIgniter.php(832): App\Controllers\CvController->update()
#10 /Users/anandabayu/Workspace/PHP/CI4 CV/system/CodeIgniter.php(419): CodeIgniter\CodeIgniter->runController(Object(App\Controllers\CvController))
#11 /Users/anandabayu/Workspace/PHP/CI4 CV/system/CodeIgniter.php(326): CodeIgniter\CodeIgniter->handleRequest(NULL, Object(Config\Cache), false)
#12 /Users/anandabayu/Workspace/PHP/CI4 CV/public/index.php(37): CodeIgniter\CodeIgniter->run()
#13 /Users/anandabayu/Workspace/PHP/CI4 CV/system/Commands/Server/rewrite.php(43): require_once('/Users/anandaba...')
#14 {main}
ERROR - 2022-05-31 03:00:45 --> Duplicate entry '1' for key 'user_information.PRIMARY'
CRITICAL - 2022-05-31 03:11:35 --> Undefined variable $validation
#0 /Users/anandabayu/Workspace/PHP/CI4 CV/app/Views/cv/form/user-information.php(20): CodeIgniter\Debug\Exceptions->errorHandler(2, 'Undefined varia...', '/Users/anandaba...', 20)
#1 /Users/anandabayu/Workspace/PHP/CI4 CV/system/View/View.php(210): include('/Users/anandaba...')
#2 /Users/anandabayu/Workspace/PHP/CI4 CV/system/View/View.php(213): CodeIgniter\View\View->CodeIgniter\View\{closure}()
#3 /Users/anandabayu/Workspace/PHP/CI4 CV/system/View/View.php(424): CodeIgniter\View\View->render('cv/form/user-in...', NULL, true)
#4 /Users/anandabayu/Workspace/PHP/CI4 CV/app/Views/cv/update.php(38): CodeIgniter\View\View->include('cv/form/user-in...')
#5 /Users/anandabayu/Workspace/PHP/CI4 CV/system/View/View.php(210): include('/Users/anandaba...')
#6 /Users/anandabayu/Workspace/PHP/CI4 CV/system/View/View.php(213): CodeIgniter\View\View->CodeIgniter\View\{closure}()
#7 /Users/anandabayu/Workspace/PHP/CI4 CV/system/Common.php(1089): CodeIgniter\View\View->render('cv/update', Array, true)
#8 /Users/anandabayu/Workspace/PHP/CI4 CV/app/Controllers/CvController.php(33): view('cv/update', Array)
#9 /Users/anandabayu/Workspace/PHP/CI4 CV/system/CodeIgniter.php(832): App\Controllers\CvController->update()
#10 /Users/anandabayu/Workspace/PHP/CI4 CV/system/CodeIgniter.php(419): CodeIgniter\CodeIgniter->runController(Object(App\Controllers\CvController))
#11 /Users/anandabayu/Workspace/PHP/CI4 CV/system/CodeIgniter.php(326): CodeIgniter\CodeIgniter->handleRequest(NULL, Object(Config\Cache), false)
#12 /Users/anandabayu/Workspace/PHP/CI4 CV/public/index.php(37): CodeIgniter\CodeIgniter->run()
#13 /Users/anandabayu/Workspace/PHP/CI4 CV/system/Commands/Server/rewrite.php(43): require_once('/Users/anandaba...')
#14 {main}
CRITICAL - 2022-05-31 03:23:36 --> Undefined array key "email"
#0 /Users/anandabayu/Workspace/PHP/CI4 CV/app/Views/cv/form/contact-information.php(32): CodeIgniter\Debug\Exceptions->errorHandler(2, 'Undefined array...', '/Users/anandaba...', 32)
#1 /Users/anandabayu/Workspace/PHP/CI4 CV/system/View/View.php(210): include('/Users/anandaba...')
#2 /Users/anandabayu/Workspace/PHP/CI4 CV/system/View/View.php(213): CodeIgniter\View\View->CodeIgniter\View\{closure}()
#3 /Users/anandabayu/Workspace/PHP/CI4 CV/system/View/View.php(424): CodeIgniter\View\View->render('cv/form/contact...', NULL, true)
#4 /Users/anandabayu/Workspace/PHP/CI4 CV/app/Views/cv/update.php(42): CodeIgniter\View\View->include('cv/form/contact...')
#5 /Users/anandabayu/Workspace/PHP/CI4 CV/system/View/View.php(210): include('/Users/anandaba...')
#6 /Users/anandabayu/Workspace/PHP/CI4 CV/system/View/View.php(213): CodeIgniter\View\View->CodeIgniter\View\{closure}()
#7 /Users/anandabayu/Workspace/PHP/CI4 CV/system/Common.php(1089): CodeIgniter\View\View->render('cv/update', Array, true)
#8 /Users/anandabayu/Workspace/PHP/CI4 CV/app/Controllers/CvController.php(34): view('cv/update', Array)
#9 /Users/anandabayu/Workspace/PHP/CI4 CV/system/CodeIgniter.php(832): App\Controllers\CvController->update()
#10 /Users/anandabayu/Workspace/PHP/CI4 CV/system/CodeIgniter.php(419): CodeIgniter\CodeIgniter->runController(Object(App\Controllers\CvController))
#11 /Users/anandabayu/Workspace/PHP/CI4 CV/system/CodeIgniter.php(326): CodeIgniter\CodeIgniter->handleRequest(NULL, Object(Config\Cache), false)
#12 /Users/anandabayu/Workspace/PHP/CI4 CV/public/index.php(37): CodeIgniter\CodeIgniter->run()
#13 /Users/anandabayu/Workspace/PHP/CI4 CV/system/Commands/Server/rewrite.php(43): require_once('/Users/anandaba...')
#14 {main}
CRITICAL - 2022-05-31 04:07:56 --> Undefined array key "company"
#0 /Users/anandabayu/Workspace/PHP/CI4 CV/app/Views/cv/form/work-experience.php(31): CodeIgniter\Debug\Exceptions->errorHandler(2, 'Undefined array...', '/Users/anandaba...', 31)
#1 /Users/anandabayu/Workspace/PHP/CI4 CV/system/View/View.php(210): include('/Users/anandaba...')
#2 /Users/anandabayu/Workspace/PHP/CI4 CV/system/View/View.php(213): CodeIgniter\View\View->CodeIgniter\View\{closure}()
#3 /Users/anandabayu/Workspace/PHP/CI4 CV/system/View/View.php(424): CodeIgniter\View\View->render('cv/form/work-ex...', NULL, true)
#4 /Users/anandabayu/Workspace/PHP/CI4 CV/app/Views/cv/update.php(59): CodeIgniter\View\View->include('cv/form/work-ex...')
#5 /Users/anandabayu/Workspace/PHP/CI4 CV/system/View/View.php(210): include('/Users/anandaba...')
#6 /Users/anandabayu/Workspace/PHP/CI4 CV/system/View/View.php(213): CodeIgniter\View\View->CodeIgniter\View\{closure}()
#7 /Users/anandabayu/Workspace/PHP/CI4 CV/system/Common.php(1089): CodeIgniter\View\View->render('cv/update', Array, true)
#8 /Users/anandabayu/Workspace/PHP/CI4 CV/app/Controllers/CvController.php(43): view('cv/update', Array)
#9 /Users/anandabayu/Workspace/PHP/CI4 CV/system/CodeIgniter.php(832): App\Controllers\CvController->update()
#10 /Users/anandabayu/Workspace/PHP/CI4 CV/system/CodeIgniter.php(419): CodeIgniter\CodeIgniter->runController(Object(App\Controllers\CvController))
#11 /Users/anandabayu/Workspace/PHP/CI4 CV/system/CodeIgniter.php(326): CodeIgniter\CodeIgniter->handleRequest(NULL, Object(Config\Cache), false)
#12 /Users/anandabayu/Workspace/PHP/CI4 CV/public/index.php(37): CodeIgniter\CodeIgniter->run()
#13 /Users/anandabayu/Workspace/PHP/CI4 CV/system/Commands/Server/rewrite.php(43): require_once('/Users/anandaba...')
#14 {main}
CRITICAL - 2022-05-31 04:34:57 --> Trying to access array offset on value of type null
#0 /Users/anandabayu/Workspace/PHP/CI4 CV/app/Views/cv/form/certificates.php(14): CodeIgniter\Debug\Exceptions->errorHandler(2, 'Trying to acces...', '/Users/anandaba...', 14)
#1 /Users/anandabayu/Workspace/PHP/CI4 CV/system/View/View.php(210): include('/Users/anandaba...')
#2 /Users/anandabayu/Workspace/PHP/CI4 CV/system/View/View.php(213): CodeIgniter\View\View->CodeIgniter\View\{closure}()
#3 /Users/anandabayu/Workspace/PHP/CI4 CV/system/View/View.php(424): CodeIgniter\View\View->render('cv/form/certifi...', NULL, true)
#4 /Users/anandabayu/Workspace/PHP/CI4 CV/app/Views/cv/update.php(63): CodeIgniter\View\View->include('cv/form/certifi...')
#5 /Users/anandabayu/Workspace/PHP/CI4 CV/system/View/View.php(210): include('/Users/anandaba...')
#6 /Users/anandabayu/Workspace/PHP/CI4 CV/system/View/View.php(213): CodeIgniter\View\View->CodeIgniter\View\{closure}()
#7 /Users/anandabayu/Workspace/PHP/CI4 CV/system/Common.php(1089): CodeIgniter\View\View->render('cv/update', Array, true)
#8 /Users/anandabayu/Workspace/PHP/CI4 CV/app/Controllers/CvController.php(43): view('cv/update', Array)
#9 /Users/anandabayu/Workspace/PHP/CI4 CV/system/CodeIgniter.php(832): App\Controllers\CvController->update()
#10 /Users/anandabayu/Workspace/PHP/CI4 CV/system/CodeIgniter.php(419): CodeIgniter\CodeIgniter->runController(Object(App\Controllers\CvController))
#11 /Users/anandabayu/Workspace/PHP/CI4 CV/system/CodeIgniter.php(326): CodeIgniter\CodeIgniter->handleRequest(NULL, Object(Config\Cache), false)
#12 /Users/anandabayu/Workspace/PHP/CI4 CV/public/index.php(37): CodeIgniter\CodeIgniter->run()
#13 /Users/anandabayu/Workspace/PHP/CI4 CV/system/Commands/Server/rewrite.php(43): require_once('/Users/anandaba...')
#14 {main}
CRITICAL - 2022-05-31 04:49:33 --> Invalid file: cv/form/form-certificates.php
#0 /Users/anandabayu/Workspace/PHP/CI4 CV/system/View/View.php(198): CodeIgniter\Exceptions\FrameworkException::forInvalidFile('cv/form/form-ce...')
#1 /Users/anandabayu/Workspace/PHP/CI4 CV/system/View/View.php(424): CodeIgniter\View\View->render('cv/form/form-ce...', NULL, true)
#2 /Users/anandabayu/Workspace/PHP/CI4 CV/app/Views/cv/update.php(63): CodeIgniter\View\View->include('cv/form/form-ce...')
#3 /Users/anandabayu/Workspace/PHP/CI4 CV/system/View/View.php(210): include('/Users/anandaba...')
#4 /Users/anandabayu/Workspace/PHP/CI4 CV/system/View/View.php(213): CodeIgniter\View\View->CodeIgniter\View\{closure}()
#5 /Users/anandabayu/Workspace/PHP/CI4 CV/system/Common.php(1089): CodeIgniter\View\View->render('cv/update', Array, true)
#6 /Users/anandabayu/Workspace/PHP/CI4 CV/app/Controllers/CvController.php(43): view('cv/update', Array)
#7 /Users/anandabayu/Workspace/PHP/CI4 CV/system/CodeIgniter.php(832): App\Controllers\CvController->update()
#8 /Users/anandabayu/Workspace/PHP/CI4 CV/system/CodeIgniter.php(419): CodeIgniter\CodeIgniter->runController(Object(App\Controllers\CvController))
#9 /Users/anandabayu/Workspace/PHP/CI4 CV/system/CodeIgniter.php(326): CodeIgniter\CodeIgniter->handleRequest(NULL, Object(Config\Cache), false)
#10 /Users/anandabayu/Workspace/PHP/CI4 CV/public/index.php(37): CodeIgniter\CodeIgniter->run()
#11 /Users/anandabayu/Workspace/PHP/CI4 CV/system/Commands/Server/rewrite.php(43): require_once('/Users/anandaba...')
#12 {main}
CRITICAL - 2022-05-31 05:33:52 --> Call to a member function delete() on array
#0 /Users/anandabayu/Workspace/PHP/CI4 CV/system/CodeIgniter.php(832): App\Controllers\CvController->deleteAchievementCertificate('3')
#1 /Users/anandabayu/Workspace/PHP/CI4 CV/system/CodeIgniter.php(419): CodeIgniter\CodeIgniter->runController(Object(App\Controllers\CvController))
#2 /Users/anandabayu/Workspace/PHP/CI4 CV/system/CodeIgniter.php(326): CodeIgniter\CodeIgniter->handleRequest(NULL, Object(Config\Cache), false)
#3 /Users/anandabayu/Workspace/PHP/CI4 CV/public/index.php(37): CodeIgniter\CodeIgniter->run()
#4 /Users/anandabayu/Workspace/PHP/CI4 CV/system/Commands/Server/rewrite.php(43): require_once('/Users/anandaba...')
#5 {main}
CRITICAL - 2022-05-31 05:53:32 --> The original file is not a valid file.
#0 /Users/anandabayu/Workspace/PHP/CI4 CV/system/HTTP/Files/UploadedFile.php(137): CodeIgniter\HTTP\Exceptions\HTTPException::forInvalidFile()
#1 /Users/anandabayu/Workspace/PHP/CI4 CV/app/Controllers/CvController.php(83): CodeIgniter\HTTP\Files\UploadedFile->move('images/')
#2 /Users/anandabayu/Workspace/PHP/CI4 CV/system/CodeIgniter.php(832): App\Controllers\CvController->user()
#3 /Users/anandabayu/Workspace/PHP/CI4 CV/system/CodeIgniter.php(419): CodeIgniter\CodeIgniter->runController(Object(App\Controllers\CvController))
#4 /Users/anandabayu/Workspace/PHP/CI4 CV/system/CodeIgniter.php(326): CodeIgniter\CodeIgniter->handleRequest(NULL, Object(Config\Cache), false)
#5 /Users/anandabayu/Workspace/PHP/CI4 CV/public/index.php(37): CodeIgniter\CodeIgniter->run()
#6 /Users/anandabayu/Workspace/PHP/CI4 CV/system/Commands/Server/rewrite.php(43): require_once('/Users/anandaba...')
#7 {main}
CRITICAL - 2022-05-31 06:00:29 --> ini_set(): Session ini settings cannot be changed after headers have already been sent
#0 [internal function]: CodeIgniter\Debug\Exceptions->errorHandler(2, 'ini_set(): Sess...', '/Users/anandaba...', 71)
#1 /Users/anandabayu/Workspace/PHP/CI4 CV/system/Session/Handlers/FileHandler.php(71): ini_set('session.save_pa...', '/Users/anandaba...')
#2 /Users/anandabayu/Workspace/PHP/CI4 CV/system/Config/Services.php(570): CodeIgniter\Session\Handlers\FileHandler->__construct(Object(Config\App), '::1')
#3 /Users/anandabayu/Workspace/PHP/CI4 CV/system/Config/BaseService.php(248): CodeIgniter\Config\Services::session(Object(Config\App), false)
#4 /Users/anandabayu/Workspace/PHP/CI4 CV/system/Config/BaseService.php(189): CodeIgniter\Config\BaseService::__callStatic('session', Array)
#5 /Users/anandabayu/Workspace/PHP/CI4 CV/system/Config/Services.php(563): CodeIgniter\Config\BaseService::getSharedInstance('session', NULL)
#6 /Users/anandabayu/Workspace/PHP/CI4 CV/system/Config/BaseService.php(248): CodeIgniter\Config\Services::session()
#7 /Users/anandabayu/Workspace/PHP/CI4 CV/system/Common.php(901): CodeIgniter\Config\BaseService::__callStatic('session', Array)
#8 /Users/anandabayu/Workspace/PHP/CI4 CV/app/Controllers/BaseController.php(51): session()
#9 /Users/anandabayu/Workspace/PHP/CI4 CV/system/CodeIgniter.php(810): App\Controllers\BaseController->initController(Object(CodeIgniter\HTTP\IncomingRequest), Object(CodeIgniter\HTTP\Response), Object(CodeIgniter\Log\Logger))
#10 /Users/anandabayu/Workspace/PHP/CI4 CV/system/CodeIgniter.php(410): CodeIgniter\CodeIgniter->createController()
#11 /Users/anandabayu/Workspace/PHP/CI4 CV/system/CodeIgniter.php(326): CodeIgniter\CodeIgniter->handleRequest(NULL, Object(Config\Cache), false)
#12 /Users/anandabayu/Workspace/PHP/CI4 CV/public/index.php(37): CodeIgniter\CodeIgniter->run()
#13 /Users/anandabayu/Workspace/PHP/CI4 CV/system/Commands/Server/rewrite.php(43): require_once('/Users/anandaba...')
#14 {main}
CRITICAL - 2022-05-31 06:00:29 --> Uncaught ErrorException: Cannot modify header information - headers already sent by (output started at /Users/anandabayu/Workspace/PHP/CI4 CV/app/Config/Events.php:32) in /Users/anandabayu/Workspace/PHP/CI4 CV/system/Debug/Exceptions.php:112
Stack trace:
#0 [internal function]: CodeIgniter\Debug\Exceptions->errorHandler(2, 'Cannot modify h...', '/Users/anandaba...', 112)
#1 /Users/anandabayu/Workspace/PHP/CI4 CV/system/Debug/Exceptions.php(112): header('HTTP/1.1 500 In...', true, 500)
#2 [internal function]: CodeIgniter\Debug\Exceptions->exceptionHandler(Object(ErrorException))
#3 {main}
  thrown
#0 [internal function]: CodeIgniter\Debug\Exceptions->shutdownHandler()
#1 {main}
CRITICAL - 2022-05-31 06:05:26 --> ini_set(): Session ini settings cannot be changed after headers have already been sent
#0 [internal function]: CodeIgniter\Debug\Exceptions->errorHandler(2, 'ini_set(): Sess...', '/Users/anandaba...', 71)
#1 /Users/anandabayu/Workspace/PHP/CI4 CV/system/Session/Handlers/FileHandler.php(71): ini_set('session.save_pa...', '/Users/anandaba...')
#2 /Users/anandabayu/Workspace/PHP/CI4 CV/system/Config/Services.php(570): CodeIgniter\Session\Handlers\FileHandler->__construct(Object(Config\App), '::1')
#3 /Users/anandabayu/Workspace/PHP/CI4 CV/system/Config/BaseService.php(248): CodeIgniter\Config\Services::session(Object(Config\App), false)
#4 /Users/anandabayu/Workspace/PHP/CI4 CV/system/Config/BaseService.php(189): CodeIgniter\Config\BaseService::__callStatic('session', Array)
#5 /Users/anandabayu/Workspace/PHP/CI4 CV/system/Config/Services.php(563): CodeIgniter\Config\BaseService::getSharedInstance('session', NULL)
#6 /Users/anandabayu/Workspace/PHP/CI4 CV/system/Config/BaseService.php(248): CodeIgniter\Config\Services::session()
#7 /Users/anandabayu/Workspace/PHP/CI4 CV/system/Common.php(901): CodeIgniter\Config\BaseService::__callStatic('session', Array)
#8 /Users/anandabayu/Workspace/PHP/CI4 CV/app/Controllers/BaseController.php(51): session()
#9 /Users/anandabayu/Workspace/PHP/CI4 CV/system/CodeIgniter.php(810): App\Controllers\BaseController->initController(Object(CodeIgniter\HTTP\IncomingRequest), Object(CodeIgniter\HTTP\Response), Object(CodeIgniter\Log\Logger))
#10 /Users/anandabayu/Workspace/PHP/CI4 CV/system/CodeIgniter.php(410): CodeIgniter\CodeIgniter->createController()
#11 /Users/anandabayu/Workspace/PHP/CI4 CV/system/CodeIgniter.php(326): CodeIgniter\CodeIgniter->handleRequest(NULL, Object(Config\Cache), false)
#12 /Users/anandabayu/Workspace/PHP/CI4 CV/public/index.php(37): CodeIgniter\CodeIgniter->run()
#13 /Users/anandabayu/Workspace/PHP/CI4 CV/system/Commands/Server/rewrite.php(43): require_once('/Users/anandaba...')
#14 {main}
CRITICAL - 2022-05-31 06:05:26 --> Uncaught ErrorException: Cannot modify header information - headers already sent by (output started at /Users/anandabayu/Workspace/PHP/CI4 CV/app/Config/Events.php:32) in /Users/anandabayu/Workspace/PHP/CI4 CV/system/Debug/Exceptions.php:112
Stack trace:
#0 [internal function]: CodeIgniter\Debug\Exceptions->errorHandler(2, 'Cannot modify h...', '/Users/anandaba...', 112)
#1 /Users/anandabayu/Workspace/PHP/CI4 CV/system/Debug/Exceptions.php(112): header('HTTP/1.1 500 In...', true, 500)
#2 [internal function]: CodeIgniter\Debug\Exceptions->exceptionHandler(Object(ErrorException))
#3 {main}
  thrown
#0 [internal function]: CodeIgniter\Debug\Exceptions->shutdownHandler()
#1 {main}
CRITICAL - 2022-05-31 06:43:09 --> Array to string conversion
#0 /Users/anandabayu/Workspace/PHP/CI4 CV/app/Views/cv/index.php(79): CodeIgniter\Debug\Exceptions->errorHandler(2, 'Array to string...', '/Users/anandaba...', 79)
#1 /Users/anandabayu/Workspace/PHP/CI4 CV/system/View/View.php(210): include('/Users/anandaba...')
#2 /Users/anandabayu/Workspace/PHP/CI4 CV/system/View/View.php(213): CodeIgniter\View\View->CodeIgniter\View\{closure}()
#3 /Users/anandabayu/Workspace/PHP/CI4 CV/system/Common.php(1089): CodeIgniter\View\View->render('cv/index', Array, true)
#4 /Users/anandabayu/Workspace/PHP/CI4 CV/app/Controllers/CvController.php(36): view('cv/index', Array)
#5 /Users/anandabayu/Workspace/PHP/CI4 CV/system/CodeIgniter.php(832): App\Controllers\CvController->index()
#6 /Users/anandabayu/Workspace/PHP/CI4 CV/system/CodeIgniter.php(419): CodeIgniter\CodeIgniter->runController(Object(App\Controllers\CvController))
#7 /Users/anandabayu/Workspace/PHP/CI4 CV/system/CodeIgniter.php(326): CodeIgniter\CodeIgniter->handleRequest(NULL, Object(Config\Cache), false)
#8 /Users/anandabayu/Workspace/PHP/CI4 CV/public/index.php(37): CodeIgniter\CodeIgniter->run()
#9 /Users/anandabayu/Workspace/PHP/CI4 CV/system/Commands/Server/rewrite.php(43): require_once('/Users/anandaba...')
#10 {main}
CRITICAL - 2022-05-31 07:06:51 --> Undefined array key "institution"
#0 /Users/anandabayu/Workspace/PHP/CI4 CV/app/Views/cv/form/form-certificates.php(23): CodeIgniter\Debug\Exceptions->errorHandler(2, 'Undefined array...', '/Users/anandaba...', 23)
#1 /Users/anandabayu/Workspace/PHP/CI4 CV/system/View/View.php(210): include('/Users/anandaba...')
#2 /Users/anandabayu/Workspace/PHP/CI4 CV/system/View/View.php(213): CodeIgniter\View\View->CodeIgniter\View\{closure}()
#3 /Users/anandabayu/Workspace/PHP/CI4 CV/system/View/View.php(424): CodeIgniter\View\View->render('cv/form/form-ce...', NULL, true)
#4 /Users/anandabayu/Workspace/PHP/CI4 CV/app/Views/cv/update.php(63): CodeIgniter\View\View->include('cv/form/form-ce...')
#5 /Users/anandabayu/Workspace/PHP/CI4 CV/system/View/View.php(210): include('/Users/anandaba...')
#6 /Users/anandabayu/Workspace/PHP/CI4 CV/system/View/View.php(213): CodeIgniter\View\View->CodeIgniter\View\{closure}()
#7 /Users/anandabayu/Workspace/PHP/CI4 CV/system/Common.php(1089): CodeIgniter\View\View->render('cv/update', Array, true)
#8 /Users/anandabayu/Workspace/PHP/CI4 CV/app/Controllers/CvController.php(51): view('cv/update', Array)
#9 /Users/anandabayu/Workspace/PHP/CI4 CV/system/CodeIgniter.php(832): App\Controllers\CvController->update()
#10 /Users/anandabayu/Workspace/PHP/CI4 CV/system/CodeIgniter.php(419): CodeIgniter\CodeIgniter->runController(Object(App\Controllers\CvController))
#11 /Users/anandabayu/Workspace/PHP/CI4 CV/system/CodeIgniter.php(326): CodeIgniter\CodeIgniter->handleRequest(NULL, Object(Config\Cache), false)
#12 /Users/anandabayu/Workspace/PHP/CI4 CV/public/index.php(37): CodeIgniter\CodeIgniter->run()
#13 /Users/anandabayu/Workspace/PHP/CI4 CV/system/Commands/Server/rewrite.php(43): require_once('/Users/anandaba...')
#14 {main}
CRITICAL - 2022-05-31 07:10:30 --> Undefined array key "institution"
#0 /Users/anandabayu/Workspace/PHP/CI4 CV/app/Views/cv/form/form-certificates.php(23): CodeIgniter\Debug\Exceptions->errorHandler(2, 'Undefined array...', '/Users/anandaba...', 23)
#1 /Users/anandabayu/Workspace/PHP/CI4 CV/system/View/View.php(210): include('/Users/anandaba...')
#2 /Users/anandabayu/Workspace/PHP/CI4 CV/system/View/View.php(213): CodeIgniter\View\View->CodeIgniter\View\{closure}()
#3 /Users/anandabayu/Workspace/PHP/CI4 CV/system/View/View.php(424): CodeIgniter\View\View->render('cv/form/form-ce...', NULL, true)
#4 /Users/anandabayu/Workspace/PHP/CI4 CV/app/Views/cv/update.php(63): CodeIgniter\View\View->include('cv/form/form-ce...')
#5 /Users/anandabayu/Workspace/PHP/CI4 CV/system/View/View.php(210): include('/Users/anandaba...')
#6 /Users/anandabayu/Workspace/PHP/CI4 CV/system/View/View.php(213): CodeIgniter\View\View->CodeIgniter\View\{closure}()
#7 /Users/anandabayu/Workspace/PHP/CI4 CV/system/Common.php(1089): CodeIgniter\View\View->render('cv/update', Array, true)
#8 /Users/anandabayu/Workspace/PHP/CI4 CV/app/Controllers/CvController.php(51): view('cv/update', Array)
#9 /Users/anandabayu/Workspace/PHP/CI4 CV/system/CodeIgniter.php(832): App\Controllers\CvController->update()
#10 /Users/anandabayu/Workspace/PHP/CI4 CV/system/CodeIgniter.php(419): CodeIgniter\CodeIgniter->runController(Object(App\Controllers\CvController))
#11 /Users/anandabayu/Workspace/PHP/CI4 CV/system/CodeIgniter.php(326): CodeIgniter\CodeIgniter->handleRequest(NULL, Object(Config\Cache), false)
#12 /Users/anandabayu/Workspace/PHP/CI4 CV/public/index.php(37): CodeIgniter\CodeIgniter->run()
#13 /Users/anandabayu/Workspace/PHP/CI4 CV/system/Commands/Server/rewrite.php(43): require_once('/Users/anandaba...')
#14 {main}
CRITICAL - 2022-05-31 07:10:31 --> Undefined array key "institution"
#0 /Users/anandabayu/Workspace/PHP/CI4 CV/app/Views/cv/form/form-certificates.php(23): CodeIgniter\Debug\Exceptions->errorHandler(2, 'Undefined array...', '/Users/anandaba...', 23)
#1 /Users/anandabayu/Workspace/PHP/CI4 CV/system/View/View.php(210): include('/Users/anandaba...')
#2 /Users/anandabayu/Workspace/PHP/CI4 CV/system/View/View.php(213): CodeIgniter\View\View->CodeIgniter\View\{closure}()
#3 /Users/anandabayu/Workspace/PHP/CI4 CV/system/View/View.php(424): CodeIgniter\View\View->render('cv/form/form-ce...', NULL, true)
#4 /Users/anandabayu/Workspace/PHP/CI4 CV/app/Views/cv/update.php(63): CodeIgniter\View\View->include('cv/form/form-ce...')
#5 /Users/anandabayu/Workspace/PHP/CI4 CV/system/View/View.php(210): include('/Users/anandaba...')
#6 /Users/anandabayu/Workspace/PHP/CI4 CV/system/View/View.php(213): CodeIgniter\View\View->CodeIgniter\View\{closure}()
#7 /Users/anandabayu/Workspace/PHP/CI4 CV/system/Common.php(1089): CodeIgniter\View\View->render('cv/update', Array, true)
#8 /Users/anandabayu/Workspace/PHP/CI4 CV/app/Controllers/CvController.php(51): view('cv/update', Array)
#9 /Users/anandabayu/Workspace/PHP/CI4 CV/system/CodeIgniter.php(832): App\Controllers\CvController->update()
#10 /Users/anandabayu/Workspace/PHP/CI4 CV/system/CodeIgniter.php(419): CodeIgniter\CodeIgniter->runController(Object(App\Controllers\CvController))
#11 /Users/anandabayu/Workspace/PHP/CI4 CV/system/CodeIgniter.php(326): CodeIgniter\CodeIgniter->handleRequest(NULL, Object(Config\Cache), false)
#12 /Users/anandabayu/Workspace/PHP/CI4 CV/public/index.php(37): CodeIgniter\CodeIgniter->run()
#13 /Users/anandabayu/Workspace/PHP/CI4 CV/system/Commands/Server/rewrite.php(43): require_once('/Users/anandaba...')
#14 {main}
CRITICAL - 2022-05-31 07:10:34 --> Undefined array key "institution"
#0 /Users/anandabayu/Workspace/PHP/CI4 CV/app/Views/cv/form/form-certificates.php(23): CodeIgniter\Debug\Exceptions->errorHandler(2, 'Undefined array...', '/Users/anandaba...', 23)
#1 /Users/anandabayu/Workspace/PHP/CI4 CV/system/View/View.php(210): include('/Users/anandaba...')
#2 /Users/anandabayu/Workspace/PHP/CI4 CV/system/View/View.php(213): CodeIgniter\View\View->CodeIgniter\View\{closure}()
#3 /Users/anandabayu/Workspace/PHP/CI4 CV/system/View/View.php(424): CodeIgniter\View\View->render('cv/form/form-ce...', NULL, true)
#4 /Users/anandabayu/Workspace/PHP/CI4 CV/app/Views/cv/update.php(63): CodeIgniter\View\View->include('cv/form/form-ce...')
#5 /Users/anandabayu/Workspace/PHP/CI4 CV/system/View/View.php(210): include('/Users/anandaba...')
#6 /Users/anandabayu/Workspace/PHP/CI4 CV/system/View/View.php(213): CodeIgniter\View\View->CodeIgniter\View\{closure}()
#7 /Users/anandabayu/Workspace/PHP/CI4 CV/system/Common.php(1089): CodeIgniter\View\View->render('cv/update', Array, true)
#8 /Users/anandabayu/Workspace/PHP/CI4 CV/app/Controllers/CvController.php(51): view('cv/update', Array)
#9 /Users/anandabayu/Workspace/PHP/CI4 CV/system/CodeIgniter.php(832): App\Controllers\CvController->update()
#10 /Users/anandabayu/Workspace/PHP/CI4 CV/system/CodeIgniter.php(419): CodeIgniter\CodeIgniter->runController(Object(App\Controllers\CvController))
#11 /Users/anandabayu/Workspace/PHP/CI4 CV/system/CodeIgniter.php(326): CodeIgniter\CodeIgniter->handleRequest(NULL, Object(Config\Cache), false)
#12 /Users/anandabayu/Workspace/PHP/CI4 CV/public/index.php(37): CodeIgniter\CodeIgniter->run()
#13 /Users/anandabayu/Workspace/PHP/CI4 CV/system/Commands/Server/rewrite.php(43): require_once('/Users/anandaba...')
#14 {main}
CRITICAL - 2022-05-31 07:15:06 --> Undefined array key "institution"
#0 /Users/anandabayu/Workspace/PHP/CI4 CV/app/Views/cv/form/form-certificates.php(23): CodeIgniter\Debug\Exceptions->errorHandler(2, 'Undefined array...', '/Users/anandaba...', 23)
#1 /Users/anandabayu/Workspace/PHP/CI4 CV/system/View/View.php(210): include('/Users/anandaba...')
#2 /Users/anandabayu/Workspace/PHP/CI4 CV/system/View/View.php(213): CodeIgniter\View\View->CodeIgniter\View\{closure}()
#3 /Users/anandabayu/Workspace/PHP/CI4 CV/system/View/View.php(424): CodeIgniter\View\View->render('cv/form/form-ce...', NULL, true)
#4 /Users/anandabayu/Workspace/PHP/CI4 CV/app/Views/cv/update.php(63): CodeIgniter\View\View->include('cv/form/form-ce...')
#5 /Users/anandabayu/Workspace/PHP/CI4 CV/system/View/View.php(210): include('/Users/anandaba...')
#6 /Users/anandabayu/Workspace/PHP/CI4 CV/system/View/View.php(213): CodeIgniter\View\View->CodeIgniter\View\{closure}()
#7 /Users/anandabayu/Workspace/PHP/CI4 CV/system/Common.php(1089): CodeIgniter\View\View->render('cv/update', Array, true)
#8 /Users/anandabayu/Workspace/PHP/CI4 CV/app/Controllers/CvController.php(51): view('cv/update', Array)
#9 /Users/anandabayu/Workspace/PHP/CI4 CV/system/CodeIgniter.php(832): App\Controllers\CvController->update()
#10 /Users/anandabayu/Workspace/PHP/CI4 CV/system/CodeIgniter.php(419): CodeIgniter\CodeIgniter->runController(Object(App\Controllers\CvController))
#11 /Users/anandabayu/Workspace/PHP/CI4 CV/system/CodeIgniter.php(326): CodeIgniter\CodeIgniter->handleRequest(NULL, Object(Config\Cache), false)
#12 /Users/anandabayu/Workspace/PHP/CI4 CV/public/index.php(37): CodeIgniter\CodeIgniter->run()
#13 /Users/anandabayu/Workspace/PHP/CI4 CV/system/Commands/Server/rewrite.php(43): require_once('/Users/anandaba...')
#14 {main}
CRITICAL - 2022-05-31 07:18:02 --> Undefined array key "institution"
#0 /Users/anandabayu/Workspace/PHP/CI4 CV/app/Views/cv/form/form-certificates.php(23): CodeIgniter\Debug\Exceptions->errorHandler(2, 'Undefined array...', '/Users/anandaba...', 23)
#1 /Users/anandabayu/Workspace/PHP/CI4 CV/system/View/View.php(210): include('/Users/anandaba...')
#2 /Users/anandabayu/Workspace/PHP/CI4 CV/system/View/View.php(213): CodeIgniter\View\View->CodeIgniter\View\{closure}()
#3 /Users/anandabayu/Workspace/PHP/CI4 CV/system/View/View.php(424): CodeIgniter\View\View->render('cv/form/form-ce...', NULL, true)
#4 /Users/anandabayu/Workspace/PHP/CI4 CV/app/Views/cv/update.php(63): CodeIgniter\View\View->include('cv/form/form-ce...')
#5 /Users/anandabayu/Workspace/PHP/CI4 CV/system/View/View.php(210): include('/Users/anandaba...')
#6 /Users/anandabayu/Workspace/PHP/CI4 CV/system/View/View.php(213): CodeIgniter\View\View->CodeIgniter\View\{closure}()
#7 /Users/anandabayu/Workspace/PHP/CI4 CV/system/Common.php(1089): CodeIgniter\View\View->render('cv/update', Array, true)
#8 /Users/anandabayu/Workspace/PHP/CI4 CV/app/Controllers/CvController.php(51): view('cv/update', Array)
#9 /Users/anandabayu/Workspace/PHP/CI4 CV/system/CodeIgniter.php(832): App\Controllers\CvController->update()
#10 /Users/anandabayu/Workspace/PHP/CI4 CV/system/CodeIgniter.php(419): CodeIgniter\CodeIgniter->runController(Object(App\Controllers\CvController))
#11 /Users/anandabayu/Workspace/PHP/CI4 CV/system/CodeIgniter.php(326): CodeIgniter\CodeIgniter->handleRequest(NULL, Object(Config\Cache), false)
#12 /Users/anandabayu/Workspace/PHP/CI4 CV/public/index.php(37): CodeIgniter\CodeIgniter->run()
#13 /Users/anandabayu/Workspace/PHP/CI4 CV/system/Commands/Server/rewrite.php(43): require_once('/Users/anandaba...')
#14 {main}
CRITICAL - 2022-05-31 07:18:03 --> Undefined array key "institution"
#0 /Users/anandabayu/Workspace/PHP/CI4 CV/app/Views/cv/form/form-certificates.php(23): CodeIgniter\Debug\Exceptions->errorHandler(2, 'Undefined array...', '/Users/anandaba...', 23)
#1 /Users/anandabayu/Workspace/PHP/CI4 CV/system/View/View.php(210): include('/Users/anandaba...')
#2 /Users/anandabayu/Workspace/PHP/CI4 CV/system/View/View.php(213): CodeIgniter\View\View->CodeIgniter\View\{closure}()
#3 /Users/anandabayu/Workspace/PHP/CI4 CV/system/View/View.php(424): CodeIgniter\View\View->render('cv/form/form-ce...', NULL, true)
#4 /Users/anandabayu/Workspace/PHP/CI4 CV/app/Views/cv/update.php(63): CodeIgniter\View\View->include('cv/form/form-ce...')
#5 /Users/anandabayu/Workspace/PHP/CI4 CV/system/View/View.php(210): include('/Users/anandaba...')
#6 /Users/anandabayu/Workspace/PHP/CI4 CV/system/View/View.php(213): CodeIgniter\View\View->CodeIgniter\View\{closure}()
#7 /Users/anandabayu/Workspace/PHP/CI4 CV/system/Common.php(1089): CodeIgniter\View\View->render('cv/update', Array, true)
#8 /Users/anandabayu/Workspace/PHP/CI4 CV/app/Controllers/CvController.php(51): view('cv/update', Array)
#9 /Users/anandabayu/Workspace/PHP/CI4 CV/system/CodeIgniter.php(832): App\Controllers\CvController->update()
#10 /Users/anandabayu/Workspace/PHP/CI4 CV/system/CodeIgniter.php(419): CodeIgniter\CodeIgniter->runController(Object(App\Controllers\CvController))
#11 /Users/anandabayu/Workspace/PHP/CI4 CV/system/CodeIgniter.php(326): CodeIgniter\CodeIgniter->handleRequest(NULL, Object(Config\Cache), false)
#12 /Users/anandabayu/Workspace/PHP/CI4 CV/public/index.php(37): CodeIgniter\CodeIgniter->run()
#13 /Users/anandabayu/Workspace/PHP/CI4 CV/system/Commands/Server/rewrite.php(43): require_once('/Users/anandaba...')
#14 {main}
CRITICAL - 2022-05-31 07:18:03 --> Undefined array key "institution"
#0 /Users/anandabayu/Workspace/PHP/CI4 CV/app/Views/cv/form/form-certificates.php(23): CodeIgniter\Debug\Exceptions->errorHandler(2, 'Undefined array...', '/Users/anandaba...', 23)
#1 /Users/anandabayu/Workspace/PHP/CI4 CV/system/View/View.php(210): include('/Users/anandaba...')
#2 /Users/anandabayu/Workspace/PHP/CI4 CV/system/View/View.php(213): CodeIgniter\View\View->CodeIgniter\View\{closure}()
#3 /Users/anandabayu/Workspace/PHP/CI4 CV/system/View/View.php(424): CodeIgniter\View\View->render('cv/form/form-ce...', NULL, true)
#4 /Users/anandabayu/Workspace/PHP/CI4 CV/app/Views/cv/update.php(63): CodeIgniter\View\View->include('cv/form/form-ce...')
#5 /Users/anandabayu/Workspace/PHP/CI4 CV/system/View/View.php(210): include('/Users/anandaba...')
#6 /Users/anandabayu/Workspace/PHP/CI4 CV/system/View/View.php(213): CodeIgniter\View\View->CodeIgniter\View\{closure}()
#7 /Users/anandabayu/Workspace/PHP/CI4 CV/system/Common.php(1089): CodeIgniter\View\View->render('cv/update', Array, true)
#8 /Users/anandabayu/Workspace/PHP/CI4 CV/app/Controllers/CvController.php(51): view('cv/update', Array)
#9 /Users/anandabayu/Workspace/PHP/CI4 CV/system/CodeIgniter.php(832): App\Controllers\CvController->update()
#10 /Users/anandabayu/Workspace/PHP/CI4 CV/system/CodeIgniter.php(419): CodeIgniter\CodeIgniter->runController(Object(App\Controllers\CvController))
#11 /Users/anandabayu/Workspace/PHP/CI4 CV/system/CodeIgniter.php(326): CodeIgniter\CodeIgniter->handleRequest(NULL, Object(Config\Cache), false)
#12 /Users/anandabayu/Workspace/PHP/CI4 CV/public/index.php(37): CodeIgniter\CodeIgniter->run()
#13 /Users/anandabayu/Workspace/PHP/CI4 CV/system/Commands/Server/rewrite.php(43): require_once('/Users/anandaba...')
#14 {main}
CRITICAL - 2022-05-31 07:18:10 --> Undefined array key "institution"
#0 /Users/anandabayu/Workspace/PHP/CI4 CV/app/Views/cv/index.php(83): CodeIgniter\Debug\Exceptions->errorHandler(2, 'Undefined array...', '/Users/anandaba...', 83)
#1 /Users/anandabayu/Workspace/PHP/CI4 CV/system/View/View.php(210): include('/Users/anandaba...')
#2 /Users/anandabayu/Workspace/PHP/CI4 CV/system/View/View.php(213): CodeIgniter\View\View->CodeIgniter\View\{closure}()
#3 /Users/anandabayu/Workspace/PHP/CI4 CV/system/Common.php(1089): CodeIgniter\View\View->render('cv/index', Array, true)
#4 /Users/anandabayu/Workspace/PHP/CI4 CV/app/Controllers/CvController.php(36): view('cv/index', Array)
#5 /Users/anandabayu/Workspace/PHP/CI4 CV/system/CodeIgniter.php(832): App\Controllers\CvController->index()
#6 /Users/anandabayu/Workspace/PHP/CI4 CV/system/CodeIgniter.php(419): CodeIgniter\CodeIgniter->runController(Object(App\Controllers\CvController))
#7 /Users/anandabayu/Workspace/PHP/CI4 CV/system/CodeIgniter.php(326): CodeIgniter\CodeIgniter->handleRequest(NULL, Object(Config\Cache), false)
#8 /Users/anandabayu/Workspace/PHP/CI4 CV/public/index.php(37): CodeIgniter\CodeIgniter->run()
#9 /Users/anandabayu/Workspace/PHP/CI4 CV/system/Commands/Server/rewrite.php(43): require_once('/Users/anandaba...')
#10 {main}
CRITICAL - 2022-05-31 07:19:47 --> Undefined array key "institution"
#0 /Users/anandabayu/Workspace/PHP/CI4 CV/app/Views/cv/index.php(83): CodeIgniter\Debug\Exceptions->errorHandler(2, 'Undefined array...', '/Users/anandaba...', 83)
#1 /Users/anandabayu/Workspace/PHP/CI4 CV/system/View/View.php(210): include('/Users/anandaba...')
#2 /Users/anandabayu/Workspace/PHP/CI4 CV/system/View/View.php(213): CodeIgniter\View\View->CodeIgniter\View\{closure}()
#3 /Users/anandabayu/Workspace/PHP/CI4 CV/system/Common.php(1089): CodeIgniter\View\View->render('cv/index', Array, true)
#4 /Users/anandabayu/Workspace/PHP/CI4 CV/app/Controllers/CvController.php(36): view('cv/index', Array)
#5 /Users/anandabayu/Workspace/PHP/CI4 CV/system/CodeIgniter.php(832): App\Controllers\CvController->index()
#6 /Users/anandabayu/Workspace/PHP/CI4 CV/system/CodeIgniter.php(419): CodeIgniter\CodeIgniter->runController(Object(App\Controllers\CvController))
#7 /Users/anandabayu/Workspace/PHP/CI4 CV/system/CodeIgniter.php(326): CodeIgniter\CodeIgniter->handleRequest(NULL, Object(Config\Cache), false)
#8 /Users/anandabayu/Workspace/PHP/CI4 CV/public/index.php(37): CodeIgniter\CodeIgniter->run()
#9 /Users/anandabayu/Workspace/PHP/CI4 CV/system/Commands/Server/rewrite.php(43): require_once('/Users/anandaba...')
#10 {main}
CRITICAL - 2022-05-31 07:19:49 --> Undefined array key "institution"
#0 /Users/anandabayu/Workspace/PHP/CI4 CV/app/Views/cv/index.php(83): CodeIgniter\Debug\Exceptions->errorHandler(2, 'Undefined array...', '/Users/anandaba...', 83)
#1 /Users/anandabayu/Workspace/PHP/CI4 CV/system/View/View.php(210): include('/Users/anandaba...')
#2 /Users/anandabayu/Workspace/PHP/CI4 CV/system/View/View.php(213): CodeIgniter\View\View->CodeIgniter\View\{closure}()
#3 /Users/anandabayu/Workspace/PHP/CI4 CV/system/Common.php(1089): CodeIgniter\View\View->render('cv/index', Array, true)
#4 /Users/anandabayu/Workspace/PHP/CI4 CV/app/Controllers/CvController.php(36): view('cv/index', Array)
#5 /Users/anandabayu/Workspace/PHP/CI4 CV/system/CodeIgniter.php(832): App\Controllers\CvController->index()
#6 /Users/anandabayu/Workspace/PHP/CI4 CV/system/CodeIgniter.php(419): CodeIgniter\CodeIgniter->runController(Object(App\Controllers\CvController))
#7 /Users/anandabayu/Workspace/PHP/CI4 CV/system/CodeIgniter.php(326): CodeIgniter\CodeIgniter->handleRequest(NULL, Object(Config\Cache), false)
#8 /Users/anandabayu/Workspace/PHP/CI4 CV/public/index.php(37): CodeIgniter\CodeIgniter->run()
#9 /Users/anandabayu/Workspace/PHP/CI4 CV/system/Commands/Server/rewrite.php(43): require_once('/Users/anandaba...')
#10 {main}
CRITICAL - 2022-05-31 07:28:08 --> Undefined variable $certificate
#0 /Users/anandabayu/Workspace/PHP/CI4 CV/app/Views/cv/form/form-achievements.php(23): CodeIgniter\Debug\Exceptions->errorHandler(2, 'Undefined varia...', '/Users/anandaba...', 23)
#1 /Users/anandabayu/Workspace/PHP/CI4 CV/system/View/View.php(210): include('/Users/anandaba...')
#2 /Users/anandabayu/Workspace/PHP/CI4 CV/system/View/View.php(213): CodeIgniter\View\View->CodeIgniter\View\{closure}()
#3 /Users/anandabayu/Workspace/PHP/CI4 CV/system/View/View.php(424): CodeIgniter\View\View->render('cv/form/form-ac...', NULL, true)
#4 /Users/anandabayu/Workspace/PHP/CI4 CV/app/Views/cv/update.php(67): CodeIgniter\View\View->include('cv/form/form-ac...')
#5 /Users/anandabayu/Workspace/PHP/CI4 CV/system/View/View.php(210): include('/Users/anandaba...')
#6 /Users/anandabayu/Workspace/PHP/CI4 CV/system/View/View.php(213): CodeIgniter\View\View->CodeIgniter\View\{closure}()
#7 /Users/anandabayu/Workspace/PHP/CI4 CV/system/Common.php(1089): CodeIgniter\View\View->render('cv/update', Array, true)
#8 /Users/anandabayu/Workspace/PHP/CI4 CV/app/Controllers/CvController.php(51): view('cv/update', Array)
#9 /Users/anandabayu/Workspace/PHP/CI4 CV/system/CodeIgniter.php(832): App\Controllers\CvController->update()
#10 /Users/anandabayu/Workspace/PHP/CI4 CV/system/CodeIgniter.php(419): CodeIgniter\CodeIgniter->runController(Object(App\Controllers\CvController))
#11 /Users/anandabayu/Workspace/PHP/CI4 CV/system/CodeIgniter.php(326): CodeIgniter\CodeIgniter->handleRequest(NULL, Object(Config\Cache), false)
#12 /Users/anandabayu/Workspace/PHP/CI4 CV/public/index.php(37): CodeIgniter\CodeIgniter->run()
#13 /Users/anandabayu/Workspace/PHP/CI4 CV/system/Commands/Server/rewrite.php(43): require_once('/Users/anandaba...')
#14 {main}
ERROR - 2022-05-31 07:31:37 --> Duplicate column name 'institution'
