CRITICAL - 2022-06-10 01:32:22 --> Too few arguments to function App\Controllers\CvController::index(), 0 passed in /Users/anandabayu/Workspace/PHP/CI4 CV/system/CodeIgniter.php on line 832 and exactly 1 expected
#0 /Users/anandabayu/Workspace/PHP/CI4 CV/system/CodeIgniter.php(832): App\Controllers\CvController->index()
#1 /Users/anandabayu/Workspace/PHP/CI4 CV/system/CodeIgniter.php(419): CodeIgniter\CodeIgniter->runController(Object(App\Controllers\CvController))
#2 /Users/anandabayu/Workspace/PHP/CI4 CV/system/CodeIgniter.php(326): CodeIgniter\CodeIgniter->handleRequest(NULL, Object(Config\Cache), false)
#3 /Users/anandabayu/Workspace/PHP/CI4 CV/public/index.php(37): CodeIgniter\CodeIgniter->run()
#4 /Users/anandabayu/Workspace/PHP/CI4 CV/system/Commands/Server/rewrite.php(43): require_once('/Users/anandaba...')
#5 {main}
CRITICAL - 2022-06-10 02:15:53 --> Trying to access array offset on value of type null
#0 /Users/anandabayu/Workspace/PHP/CI4 CV/app/Views/cv/index.php(20): CodeIgniter\Debug\Exceptions->errorHandler(2, 'Trying to acces...', '/Users/anandaba...', 20)
#1 /Users/anandabayu/Workspace/PHP/CI4 CV/system/View/View.php(210): include('/Users/anandaba...')
#2 /Users/anandabayu/Workspace/PHP/CI4 CV/system/View/View.php(213): CodeIgniter\View\View->CodeIgniter\View\{closure}()
#3 /Users/anandabayu/Workspace/PHP/CI4 CV/system/Common.php(1089): CodeIgniter\View\View->render('cv/index', Array, true)
#4 /Users/anandabayu/Workspace/PHP/CI4 CV/app/Controllers/CvController.php(36): view('cv/index', Array)
#5 /Users/anandabayu/Workspace/PHP/CI4 CV/system/CodeIgniter.php(832): App\Controllers\CvController->index('(:num)')
#6 /Users/anandabayu/Workspace/PHP/CI4 CV/system/CodeIgniter.php(419): CodeIgniter\CodeIgniter->runController(Object(App\Controllers\CvController))
#7 /Users/anandabayu/Workspace/PHP/CI4 CV/system/CodeIgniter.php(326): CodeIgniter\CodeIgniter->handleRequest(NULL, Object(Config\Cache), false)
#8 /Users/anandabayu/Workspace/PHP/CI4 CV/public/index.php(37): CodeIgniter\CodeIgniter->run()
#9 /Users/anandabayu/Workspace/PHP/CI4 CV/system/Commands/Server/rewrite.php(43): require_once('/Users/anandaba...')
#10 {main}
CRITICAL - 2022-06-10 02:28:23 --> Trying to access array offset on value of type null
#0 /Users/anandabayu/Workspace/PHP/CI4 CV/app/Views/cv/index.php(36): CodeIgniter\Debug\Exceptions->errorHandler(2, 'Trying to acces...', '/Users/anandaba...', 36)
#1 /Users/anandabayu/Workspace/PHP/CI4 CV/system/View/View.php(210): include('/Users/anandaba...')
#2 /Users/anandabayu/Workspace/PHP/CI4 CV/system/View/View.php(213): CodeIgniter\View\View->CodeIgniter\View\{closure}()
#3 /Users/anandabayu/Workspace/PHP/CI4 CV/system/Common.php(1089): CodeIgniter\View\View->render('cv/index', Array, true)
#4 /Users/anandabayu/Workspace/PHP/CI4 CV/app/Controllers/CvController.php(36): view('cv/index', Array)
#5 /Users/anandabayu/Workspace/PHP/CI4 CV/system/CodeIgniter.php(832): App\Controllers\CvController->index('1')
#6 /Users/anandabayu/Workspace/PHP/CI4 CV/system/CodeIgniter.php(419): CodeIgniter\CodeIgniter->runController(Object(App\Controllers\CvController))
#7 /Users/anandabayu/Workspace/PHP/CI4 CV/system/CodeIgniter.php(326): CodeIgniter\CodeIgniter->handleRequest(NULL, Object(Config\Cache), false)
#8 /Users/anandabayu/Workspace/PHP/CI4 CV/public/index.php(37): CodeIgniter\CodeIgniter->run()
#9 /Users/anandabayu/Workspace/PHP/CI4 CV/system/Commands/Server/rewrite.php(43): require_once('/Users/anandaba...')
#10 {main}
CRITICAL - 2022-06-10 02:31:29 --> Trying to access array offset on value of type null
#0 /Users/anandabayu/Workspace/PHP/CI4 CV/app/Views/cv/index.php(36): CodeIgniter\Debug\Exceptions->errorHandler(2, 'Trying to acces...', '/Users/anandaba...', 36)
#1 /Users/anandabayu/Workspace/PHP/CI4 CV/system/View/View.php(210): include('/Users/anandaba...')
#2 /Users/anandabayu/Workspace/PHP/CI4 CV/system/View/View.php(213): CodeIgniter\View\View->CodeIgniter\View\{closure}()
#3 /Users/anandabayu/Workspace/PHP/CI4 CV/system/Common.php(1089): CodeIgniter\View\View->render('cv/index', Array, true)
#4 /Users/anandabayu/Workspace/PHP/CI4 CV/app/Controllers/CvController.php(36): view('cv/index', Array)
#5 /Users/anandabayu/Workspace/PHP/CI4 CV/system/CodeIgniter.php(832): App\Controllers\CvController->index('1')
#6 /Users/anandabayu/Workspace/PHP/CI4 CV/system/CodeIgniter.php(419): CodeIgniter\CodeIgniter->runController(Object(App\Controllers\CvController))
#7 /Users/anandabayu/Workspace/PHP/CI4 CV/system/CodeIgniter.php(326): CodeIgniter\CodeIgniter->handleRequest(NULL, Object(Config\Cache), false)
#8 /Users/anandabayu/Workspace/PHP/CI4 CV/public/index.php(37): CodeIgniter\CodeIgniter->run()
#9 /Users/anandabayu/Workspace/PHP/CI4 CV/system/Commands/Server/rewrite.php(43): require_once('/Users/anandaba...')
#10 {main}
CRITICAL - 2022-06-10 02:32:42 --> Trying to access array offset on value of type null
#0 /Users/anandabayu/Workspace/PHP/CI4 CV/app/Views/cv/index.php(54): CodeIgniter\Debug\Exceptions->errorHandler(2, 'Trying to acces...', '/Users/anandaba...', 54)
#1 /Users/anandabayu/Workspace/PHP/CI4 CV/system/View/View.php(210): include('/Users/anandaba...')
#2 /Users/anandabayu/Workspace/PHP/CI4 CV/system/View/View.php(213): CodeIgniter\View\View->CodeIgniter\View\{closure}()
#3 /Users/anandabayu/Workspace/PHP/CI4 CV/system/Common.php(1089): CodeIgniter\View\View->render('cv/index', Array, true)
#4 /Users/anandabayu/Workspace/PHP/CI4 CV/app/Controllers/CvController.php(36): view('cv/index', Array)
#5 /Users/anandabayu/Workspace/PHP/CI4 CV/system/CodeIgniter.php(832): App\Controllers\CvController->index('1')
#6 /Users/anandabayu/Workspace/PHP/CI4 CV/system/CodeIgniter.php(419): CodeIgniter\CodeIgniter->runController(Object(App\Controllers\CvController))
#7 /Users/anandabayu/Workspace/PHP/CI4 CV/system/CodeIgniter.php(326): CodeIgniter\CodeIgniter->handleRequest(NULL, Object(Config\Cache), false)
#8 /Users/anandabayu/Workspace/PHP/CI4 CV/public/index.php(37): CodeIgniter\CodeIgniter->run()
#9 /Users/anandabayu/Workspace/PHP/CI4 CV/system/Commands/Server/rewrite.php(43): require_once('/Users/anandaba...')
#10 {main}
CRITICAL - 2022-06-10 02:32:55 --> Trying to access array offset on value of type null
#0 /Users/anandabayu/Workspace/PHP/CI4 CV/app/Views/cv/index.php(114): CodeIgniter\Debug\Exceptions->errorHandler(2, 'Trying to acces...', '/Users/anandaba...', 114)
#1 /Users/anandabayu/Workspace/PHP/CI4 CV/system/View/View.php(210): include('/Users/anandaba...')
#2 /Users/anandabayu/Workspace/PHP/CI4 CV/system/View/View.php(213): CodeIgniter\View\View->CodeIgniter\View\{closure}()
#3 /Users/anandabayu/Workspace/PHP/CI4 CV/system/Common.php(1089): CodeIgniter\View\View->render('cv/index', Array, true)
#4 /Users/anandabayu/Workspace/PHP/CI4 CV/app/Controllers/CvController.php(36): view('cv/index', Array)
#5 /Users/anandabayu/Workspace/PHP/CI4 CV/system/CodeIgniter.php(832): App\Controllers\CvController->index('1')
#6 /Users/anandabayu/Workspace/PHP/CI4 CV/system/CodeIgniter.php(419): CodeIgniter\CodeIgniter->runController(Object(App\Controllers\CvController))
#7 /Users/anandabayu/Workspace/PHP/CI4 CV/system/CodeIgniter.php(326): CodeIgniter\CodeIgniter->handleRequest(NULL, Object(Config\Cache), false)
#8 /Users/anandabayu/Workspace/PHP/CI4 CV/public/index.php(37): CodeIgniter\CodeIgniter->run()
#9 /Users/anandabayu/Workspace/PHP/CI4 CV/system/Commands/Server/rewrite.php(43): require_once('/Users/anandaba...')
#10 {main}
CRITICAL - 2022-06-10 03:00:58 --> Undefined variable $validation
#0 /Users/anandabayu/Workspace/PHP/CI4 CV/app/Views/cv/add.php(24): CodeIgniter\Debug\Exceptions->errorHandler(2, 'Undefined varia...', '/Users/anandaba...', 24)
#1 /Users/anandabayu/Workspace/PHP/CI4 CV/system/View/View.php(210): include('/Users/anandaba...')
#2 /Users/anandabayu/Workspace/PHP/CI4 CV/system/View/View.php(213): CodeIgniter\View\View->CodeIgniter\View\{closure}()
#3 /Users/anandabayu/Workspace/PHP/CI4 CV/system/Common.php(1089): CodeIgniter\View\View->render('cv/add', Array, true)
#4 /Users/anandabayu/Workspace/PHP/CI4 CV/app/Controllers/CvController.php(41): view('cv/add')
#5 /Users/anandabayu/Workspace/PHP/CI4 CV/system/CodeIgniter.php(832): App\Controllers\CvController->add()
#6 /Users/anandabayu/Workspace/PHP/CI4 CV/system/CodeIgniter.php(419): CodeIgniter\CodeIgniter->runController(Object(App\Controllers\CvController))
#7 /Users/anandabayu/Workspace/PHP/CI4 CV/system/CodeIgniter.php(326): CodeIgniter\CodeIgniter->handleRequest(NULL, Object(Config\Cache), false)
#8 /Users/anandabayu/Workspace/PHP/CI4 CV/public/index.php(37): CodeIgniter\CodeIgniter->run()
#9 /Users/anandabayu/Workspace/PHP/CI4 CV/system/Commands/Server/rewrite.php(43): require_once('/Users/anandaba...')
#10 {main}
CRITICAL - 2022-06-10 03:04:38 --> Trying to access array offset on value of type null
#0 /Users/anandabayu/Workspace/PHP/CI4 CV/app/Views/cv/form/contact-information.php(20): CodeIgniter\Debug\Exceptions->errorHandler(2, 'Trying to acces...', '/Users/anandaba...', 20)
#1 /Users/anandabayu/Workspace/PHP/CI4 CV/system/View/View.php(210): include('/Users/anandaba...')
#2 /Users/anandabayu/Workspace/PHP/CI4 CV/system/View/View.php(213): CodeIgniter\View\View->CodeIgniter\View\{closure}()
#3 /Users/anandabayu/Workspace/PHP/CI4 CV/system/View/View.php(424): CodeIgniter\View\View->render('cv/form/contact...', NULL, true)
#4 /Users/anandabayu/Workspace/PHP/CI4 CV/app/Views/cv/update.php(55): CodeIgniter\View\View->include('cv/form/contact...')
#5 /Users/anandabayu/Workspace/PHP/CI4 CV/system/View/View.php(210): include('/Users/anandaba...')
#6 /Users/anandabayu/Workspace/PHP/CI4 CV/system/View/View.php(213): CodeIgniter\View\View->CodeIgniter\View\{closure}()
#7 /Users/anandabayu/Workspace/PHP/CI4 CV/system/Common.php(1089): CodeIgniter\View\View->render('cv/update', Array, true)
#8 /Users/anandabayu/Workspace/PHP/CI4 CV/app/Controllers/CvController.php(97): view('cv/update', Array)
#9 /Users/anandabayu/Workspace/PHP/CI4 CV/system/CodeIgniter.php(832): App\Controllers\CvController->update('4')
#10 /Users/anandabayu/Workspace/PHP/CI4 CV/system/CodeIgniter.php(419): CodeIgniter\CodeIgniter->runController(Object(App\Controllers\CvController))
#11 /Users/anandabayu/Workspace/PHP/CI4 CV/system/CodeIgniter.php(326): CodeIgniter\CodeIgniter->handleRequest(NULL, Object(Config\Cache), false)
#12 /Users/anandabayu/Workspace/PHP/CI4 CV/public/index.php(37): CodeIgniter\CodeIgniter->run()
#13 /Users/anandabayu/Workspace/PHP/CI4 CV/system/Commands/Server/rewrite.php(43): require_once('/Users/anandaba...')
#14 {main}
CRITICAL - 2022-06-10 03:08:00 --> Trying to access array offset on value of type null
#0 /Users/anandabayu/Workspace/PHP/CI4 CV/app/Views/cv/form/contact-information.php(31): CodeIgniter\Debug\Exceptions->errorHandler(2, 'Trying to acces...', '/Users/anandaba...', 31)
#1 /Users/anandabayu/Workspace/PHP/CI4 CV/system/View/View.php(210): include('/Users/anandaba...')
#2 /Users/anandabayu/Workspace/PHP/CI4 CV/system/View/View.php(213): CodeIgniter\View\View->CodeIgniter\View\{closure}()
#3 /Users/anandabayu/Workspace/PHP/CI4 CV/system/View/View.php(424): CodeIgniter\View\View->render('cv/form/contact...', NULL, true)
#4 /Users/anandabayu/Workspace/PHP/CI4 CV/app/Views/cv/update.php(55): CodeIgniter\View\View->include('cv/form/contact...')
#5 /Users/anandabayu/Workspace/PHP/CI4 CV/system/View/View.php(210): include('/Users/anandaba...')
#6 /Users/anandabayu/Workspace/PHP/CI4 CV/system/View/View.php(213): CodeIgniter\View\View->CodeIgniter\View\{closure}()
#7 /Users/anandabayu/Workspace/PHP/CI4 CV/system/Common.php(1089): CodeIgniter\View\View->render('cv/update', Array, true)
#8 /Users/anandabayu/Workspace/PHP/CI4 CV/app/Controllers/CvController.php(97): view('cv/update', Array)
#9 /Users/anandabayu/Workspace/PHP/CI4 CV/system/CodeIgniter.php(832): App\Controllers\CvController->update('4')
#10 /Users/anandabayu/Workspace/PHP/CI4 CV/system/CodeIgniter.php(419): CodeIgniter\CodeIgniter->runController(Object(App\Controllers\CvController))
#11 /Users/anandabayu/Workspace/PHP/CI4 CV/system/CodeIgniter.php(326): CodeIgniter\CodeIgniter->handleRequest(NULL, Object(Config\Cache), false)
#12 /Users/anandabayu/Workspace/PHP/CI4 CV/public/index.php(37): CodeIgniter\CodeIgniter->run()
#13 /Users/anandabayu/Workspace/PHP/CI4 CV/system/Commands/Server/rewrite.php(43): require_once('/Users/anandaba...')
#14 {main}
CRITICAL - 2022-06-10 03:08:33 --> Trying to access array offset on value of type null
#0 /Users/anandabayu/Workspace/PHP/CI4 CV/app/Views/cv/form/contact-information.php(42): CodeIgniter\Debug\Exceptions->errorHandler(2, 'Trying to acces...', '/Users/anandaba...', 42)
#1 /Users/anandabayu/Workspace/PHP/CI4 CV/system/View/View.php(210): include('/Users/anandaba...')
#2 /Users/anandabayu/Workspace/PHP/CI4 CV/system/View/View.php(213): CodeIgniter\View\View->CodeIgniter\View\{closure}()
#3 /Users/anandabayu/Workspace/PHP/CI4 CV/system/View/View.php(424): CodeIgniter\View\View->render('cv/form/contact...', NULL, true)
#4 /Users/anandabayu/Workspace/PHP/CI4 CV/app/Views/cv/update.php(55): CodeIgniter\View\View->include('cv/form/contact...')
#5 /Users/anandabayu/Workspace/PHP/CI4 CV/system/View/View.php(210): include('/Users/anandaba...')
#6 /Users/anandabayu/Workspace/PHP/CI4 CV/system/View/View.php(213): CodeIgniter\View\View->CodeIgniter\View\{closure}()
#7 /Users/anandabayu/Workspace/PHP/CI4 CV/system/Common.php(1089): CodeIgniter\View\View->render('cv/update', Array, true)
#8 /Users/anandabayu/Workspace/PHP/CI4 CV/app/Controllers/CvController.php(97): view('cv/update', Array)
#9 /Users/anandabayu/Workspace/PHP/CI4 CV/system/CodeIgniter.php(832): App\Controllers\CvController->update('4')
#10 /Users/anandabayu/Workspace/PHP/CI4 CV/system/CodeIgniter.php(419): CodeIgniter\CodeIgniter->runController(Object(App\Controllers\CvController))
#11 /Users/anandabayu/Workspace/PHP/CI4 CV/system/CodeIgniter.php(326): CodeIgniter\CodeIgniter->handleRequest(NULL, Object(Config\Cache), false)
#12 /Users/anandabayu/Workspace/PHP/CI4 CV/public/index.php(37): CodeIgniter\CodeIgniter->run()
#13 /Users/anandabayu/Workspace/PHP/CI4 CV/system/Commands/Server/rewrite.php(43): require_once('/Users/anandaba...')
#14 {main}
CRITICAL - 2022-06-10 03:14:27 --> Trying to access array offset on value of type null
#0 /Users/anandabayu/Workspace/PHP/CI4 CV/app/Views/cv/form/contact-information-add.php(20): CodeIgniter\Debug\Exceptions->errorHandler(2, 'Trying to acces...', '/Users/anandaba...', 20)
#1 /Users/anandabayu/Workspace/PHP/CI4 CV/system/View/View.php(210): include('/Users/anandaba...')
#2 /Users/anandabayu/Workspace/PHP/CI4 CV/system/View/View.php(213): CodeIgniter\View\View->CodeIgniter\View\{closure}()
#3 /Users/anandabayu/Workspace/PHP/CI4 CV/system/View/View.php(424): CodeIgniter\View\View->render('cv/form/contact...', NULL, true)
#4 /Users/anandabayu/Workspace/PHP/CI4 CV/app/Views/cv/update.php(55): CodeIgniter\View\View->include('cv/form/contact...')
#5 /Users/anandabayu/Workspace/PHP/CI4 CV/system/View/View.php(210): include('/Users/anandaba...')
#6 /Users/anandabayu/Workspace/PHP/CI4 CV/system/View/View.php(213): CodeIgniter\View\View->CodeIgniter\View\{closure}()
#7 /Users/anandabayu/Workspace/PHP/CI4 CV/system/Common.php(1089): CodeIgniter\View\View->render('cv/update', Array, true)
#8 /Users/anandabayu/Workspace/PHP/CI4 CV/app/Controllers/CvController.php(97): view('cv/update', Array)
#9 /Users/anandabayu/Workspace/PHP/CI4 CV/system/CodeIgniter.php(832): App\Controllers\CvController->update('4')
#10 /Users/anandabayu/Workspace/PHP/CI4 CV/system/CodeIgniter.php(419): CodeIgniter\CodeIgniter->runController(Object(App\Controllers\CvController))
#11 /Users/anandabayu/Workspace/PHP/CI4 CV/system/CodeIgniter.php(326): CodeIgniter\CodeIgniter->handleRequest(NULL, Object(Config\Cache), false)
#12 /Users/anandabayu/Workspace/PHP/CI4 CV/public/index.php(37): CodeIgniter\CodeIgniter->run()
#13 /Users/anandabayu/Workspace/PHP/CI4 CV/system/Commands/Server/rewrite.php(43): require_once('/Users/anandaba...')
#14 {main}
CRITICAL - 2022-06-10 03:34:15 --> unlink(images/): Operation not permitted
#0 [internal function]: CodeIgniter\Debug\Exceptions->errorHandler(2, 'unlink(images/)...', '/Users/anandaba...', 131)
#1 /Users/anandabayu/Workspace/PHP/CI4 CV/app/Controllers/CvController.php(131): unlink('images/')
#2 /Users/anandabayu/Workspace/PHP/CI4 CV/system/CodeIgniter.php(832): App\Controllers\CvController->updateUser('6')
#3 /Users/anandabayu/Workspace/PHP/CI4 CV/system/CodeIgniter.php(419): CodeIgniter\CodeIgniter->runController(Object(App\Controllers\CvController))
#4 /Users/anandabayu/Workspace/PHP/CI4 CV/system/CodeIgniter.php(326): CodeIgniter\CodeIgniter->handleRequest(NULL, Object(Config\Cache), false)
#5 /Users/anandabayu/Workspace/PHP/CI4 CV/public/index.php(37): CodeIgniter\CodeIgniter->run()
#6 /Users/anandabayu/Workspace/PHP/CI4 CV/system/Commands/Server/rewrite.php(43): require_once('/Users/anandaba...')
#7 {main}
ERROR - 2022-06-10 06:59:58 --> Error connecting to the database: Connection refused
CRITICAL - 2022-06-10 06:59:58 --> Unable to connect to the database.
Main connection [MySQLi]: Connection refused
#0 /Users/anandabayu/Workspace/PHP/CI4 CV/system/Database/BaseConnection.php(577): CodeIgniter\Database\BaseConnection->initialize()
#1 /Users/anandabayu/Workspace/PHP/CI4 CV/system/Database/BaseBuilder.php(1455): CodeIgniter\Database\BaseConnection->query('SELECT *\nFROM `...', Array, false)
#2 /Users/anandabayu/Workspace/PHP/CI4 CV/system/Model.php(183): CodeIgniter\Database\BaseBuilder->get()
#3 /Users/anandabayu/Workspace/PHP/CI4 CV/system/BaseModel.php(584): CodeIgniter\Model->doFindAll(0, 0)
#4 /Users/anandabayu/Workspace/PHP/CI4 CV/app/Controllers/HomeController.php(29): CodeIgniter\BaseModel->findAll()
#5 /Users/anandabayu/Workspace/PHP/CI4 CV/system/CodeIgniter.php(832): App\Controllers\HomeController->index()
#6 /Users/anandabayu/Workspace/PHP/CI4 CV/system/CodeIgniter.php(419): CodeIgniter\CodeIgniter->runController(Object(App\Controllers\HomeController))
#7 /Users/anandabayu/Workspace/PHP/CI4 CV/system/CodeIgniter.php(326): CodeIgniter\CodeIgniter->handleRequest(NULL, Object(Config\Cache), false)
#8 /Users/anandabayu/Workspace/PHP/CI4 CV/public/index.php(37): CodeIgniter\CodeIgniter->run()
#9 /Users/anandabayu/Workspace/PHP/CI4 CV/system/Commands/Server/rewrite.php(43): require_once('/Users/anandaba...')
#10 {main}
